<html>
<body>
<pre>
<h1>Vision Build Log</h1>
<h2>Project:</h2>
C:\Users\write_1\Desktop\一行科技\yixing\yixing.uvproj
Project File Date:  08/05/2015

<h2>Output:</h2>
Build target 'Target 1'
compiling main.c...
linking...
*** WARNING L16: UNCALLED SEGMENT, IGNORED FOR OVERLAY PROCESS
    SEGMENT: ?PR?ISOK?MAIN
*** WARNING L16: UNCALLED SEGMENT, IGNORED FOR OVERLAY PROCESS
    SEGMENT: ?PR?_DELAYUS?DELAY
Program Size: data=9.0 xdata=1545 code=2525
creating hex file from ".\output\yixing"...
".\output\yixing" - 0 Error(s), 2 Warning(s).
compiling uart.c...
uart.c - 0 Error(s), 0 Warning(s).
Build target 'Target 1'
compiling main.c...
linking...
*** WARNING L16: UNCALLED SEGMENT, IGNORED FOR OVERLAY PROCESS
    SEGMENT: ?PR?ISOK?MAIN
*** WARNING L16: UNCALLED SEGMENT, IGNORED FOR OVERLAY PROCESS
    SEGMENT: ?PR?_DELAYUS?DELAY
Program Size: data=9.0 xdata=1545 code=2533
creating hex file from ".\output\yixing"...
".\output\yixing" - 0 Error(s), 2 Warning(s).
compiling main.c...
main.c - 0 Error(s), 0 Warning(s).
Build target 'Target 1'
linking...
*** WARNING L16: UNCALLED SEGMENT, IGNORED FOR OVERLAY PROCESS
    SEGMENT: ?PR?ISOK?MAIN
*** WARNING L16: UNCALLED SEGMENT, IGNORED FOR OVERLAY PROCESS
    SEGMENT: ?PR?_DELAYUS?DELAY
Program Size: data=9.0 xdata=1545 code=2551
creating hex file from ".\output\yixing"...
".\output\yixing" - 0 Error(s), 2 Warning(s).
Build target 'Target 1'
compiling main.c...
linking...
*** WARNING L16: UNCALLED SEGMENT, IGNORED FOR OVERLAY PROCESS
    SEGMENT: ?PR?ISOK?MAIN
*** WARNING L16: UNCALLED SEGMENT, IGNORED FOR OVERLAY PROCESS
    SEGMENT: ?PR?_DELAYUS?DELAY
Program Size: data=9.0 xdata=1545 code=2551
creating hex file from ".\output\yixing"...
".\output\yixing" - 0 Error(s), 2 Warning(s).
compiling main.c...
main.c(86): error C236: '_sendDate': different length of parameter lists
main.c - 1 Error(s), 0 Warning(s).
Build target 'Target 1'
compiling main.c...
main.c(50): error C236: '_sendCmd': different length of parameter lists
main.c(86): error C236: '_sendDate': different length of parameter lists
Target not created
Build target 'Target 1'
compiling main.c...
main.c(85): warning C280: 'str': unreferenced local variable
main.c(139): warning C209: '_sendDate': too few actual parameters
main.c(188): error C202: 'null': undefined identifier
Target not created
compiling main.c...
main.c(85): warning C280: 'str': unreferenced local variable
main.c(194): warning C209: '_sendDate': too few actual parameters
main.c(197): warning C173: missing return-expression
main.c(184): warning C280: 'i': unreferenced local variable
main.c(184): warning C280: 'len': unreferenced local variable
main.c(197): warning C290: missing return value
main.c - 0 Error(s), 6 Warning(s).
Build target 'Target 1'
linking...
*** WARNING L16: UNCALLED SEGMENT, IGNORED FOR OVERLAY PROCESS
    SEGMENT: ?PR?_SETWIFI?MAIN
*** WARNING L16: UNCALLED SEGMENT, IGNORED FOR OVERLAY PROCESS
    SEGMENT: ?PR?_SENDHTTP?MAIN
*** WARNING L16: UNCALLED SEGMENT, IGNORED FOR OVERLAY PROCESS
    SEGMENT: ?PR?_DELAYUS?DELAY
Program Size: data=9.0 xdata=1550 code=2011
creating hex file from ".\output\yixing"...
".\output\yixing" - 0 Error(s), 3 Warning(s).
compiling main.c...
main.c(85): warning C280: 'str': unreferenced local variable
main.c(194): warning C209: '_sendDate': too few actual parameters
main.c(197): warning C173: missing return-expression
main.c(184): warning C280: 'i': unreferenced local variable
main.c(184): warning C280: 'len': unreferenced local variable
main.c(197): warning C290: missing return value
main.c - 0 Error(s), 6 Warning(s).
compiling main.c...
main.c(85): warning C280: 'str': unreferenced local variable
main.c(199): warning C173: missing return-expression
main.c(199): warning C290: missing return value
main.c - 0 Error(s), 3 Warning(s).
compiling main.c...
main.c(200): error C202: 'turn': undefined identifier
main.c - 1 Error(s), 0 Warning(s).
compiling main.c...
main.c - 0 Error(s), 0 Warning(s).
Build target 'Target 1'
linking...
*** WARNING L16: UNCALLED SEGMENT, IGNORED FOR OVERLAY PROCESS
    SEGMENT: ?PR?_SETWIFI?MAIN
*** WARNING L16: UNCALLED SEGMENT, IGNORED FOR OVERLAY PROCESS
    SEGMENT: ?PR?_SENDHTTP?MAIN
*** WARNING L16: UNCALLED SEGMENT, IGNORED FOR OVERLAY PROCESS
    SEGMENT: ?PR?_DELAYUS?DELAY
Program Size: data=9.0 xdata=1551 code=2061
creating hex file from ".\output\yixing"...
".\output\yixing" - 0 Error(s), 3 Warning(s).
compiling main.c...
main.c(200): warning C209: '_setWifi': too few actual parameters
main.c - 0 Error(s), 1 Warning(s).
compiling main.c...
main.c - 0 Error(s), 0 Warning(s).
Build target 'Target 1'
linking...
*** WARNING L16: UNCALLED SEGMENT, IGNORED FOR OVERLAY PROCESS
    SEGMENT: ?PR?_DELAYUS?DELAY
Program Size: data=9.0 xdata=1551 code=2048
creating hex file from ".\output\yixing"...
".\output\yixing" - 0 Error(s), 1 Warning(s).
Build target 'Target 1'
compiling main.c...
linking...
*** WARNING L16: UNCALLED SEGMENT, IGNORED FOR OVERLAY PROCESS
    SEGMENT: ?PR?_DELAYUS?DELAY
Program Size: data=9.0 xdata=1551 code=2053
creating hex file from ".\output\yixing"...
".\output\yixing" - 0 Error(s), 1 Warning(s).
Build target 'Target 1'
compiling main.c...
linking...
*** WARNING L16: UNCALLED SEGMENT, IGNORED FOR OVERLAY PROCESS
    SEGMENT: ?PR?_DELAYUS?DELAY
Program Size: data=9.0 xdata=1551 code=2061
creating hex file from ".\output\yixing"...
".\output\yixing" - 0 Error(s), 1 Warning(s).
compiling main.c...
main.c - 0 Error(s), 0 Warning(s).
Build target 'Target 1'
linking...
*** WARNING L16: UNCALLED SEGMENT, IGNORED FOR OVERLAY PROCESS
    SEGMENT: ?PR?_DELAYUS?DELAY
Program Size: data=9.0 xdata=1551 code=2061
creating hex file from ".\output\yixing"...
".\output\yixing" - 0 Error(s), 1 Warning(s).
Build target 'Target 1'
compiling main.c...
linking...
*** WARNING L16: UNCALLED SEGMENT, IGNORED FOR OVERLAY PROCESS
    SEGMENT: ?PR?_DELAYUS?DELAY
Program Size: data=9.0 xdata=1551 code=2068
creating hex file from ".\output\yixing"...
".\output\yixing" - 0 Error(s), 1 Warning(s).
Build target 'Target 1'
compiling main.c...
linking...
*** WARNING L16: UNCALLED SEGMENT, IGNORED FOR OVERLAY PROCESS
    SEGMENT: ?PR?_DELAYUS?DELAY
Program Size: data=9.0 xdata=1551 code=2072
creating hex file from ".\output\yixing"...
".\output\yixing" - 0 Error(s), 1 Warning(s).
Build target 'Target 1'
compiling main.c...
linking...
*** WARNING L16: UNCALLED SEGMENT, IGNORED FOR OVERLAY PROCESS
    SEGMENT: ?PR?_DELAYUS?DELAY
Program Size: data=9.0 xdata=1551 code=2112
creating hex file from ".\output\yixing"...
".\output\yixing" - 0 Error(s), 1 Warning(s).
Build target 'Target 1'
compiling main.c...
linking...
*** WARNING L16: UNCALLED SEGMENT, IGNORED FOR OVERLAY PROCESS
    SEGMENT: ?PR?_DELAYUS?DELAY
Program Size: data=9.0 xdata=1561 code=2129
creating hex file from ".\output\yixing"...
".\output\yixing" - 0 Error(s), 1 Warning(s).
compiling main.c...
main.c - 0 Error(s), 0 Warning(s).
Build target 'Target 1'
linking...
*** WARNING L16: UNCALLED SEGMENT, IGNORED FOR OVERLAY PROCESS
    SEGMENT: ?PR?_DELAYUS?DELAY
Program Size: data=9.0 xdata=1561 code=2145
creating hex file from ".\output\yixing"...
".\output\yixing" - 0 Error(s), 1 Warning(s).
Build target 'Target 1'
compiling main.c...
linking...
*** WARNING L16: UNCALLED SEGMENT, IGNORED FOR OVERLAY PROCESS
    SEGMENT: ?PR?_DELAYUS?DELAY
Program Size: data=9.0 xdata=1561 code=2133
creating hex file from ".\output\yixing"...
".\output\yixing" - 0 Error(s), 1 Warning(s).
Build target 'Target 1'
compiling main.c...
linking...
*** WARNING L16: UNCALLED SEGMENT, IGNORED FOR OVERLAY PROCESS
    SEGMENT: ?PR?_DELAYUS?DELAY
Program Size: data=9.0 xdata=1561 code=2148
creating hex file from ".\output\yixing"...
".\output\yixing" - 0 Error(s), 1 Warning(s).
Build target 'Target 1'
compiling main.c...
linking...
*** WARNING L16: UNCALLED SEGMENT, IGNORED FOR OVERLAY PROCESS
    SEGMENT: ?PR?_DELAYUS?DELAY
Program Size: data=9.0 xdata=1517 code=2104
creating hex file from ".\output\yixing"...
".\output\yixing" - 0 Error(s), 1 Warning(s).
Build target 'Target 1'
compiling main.c...
linking...
*** WARNING L16: UNCALLED SEGMENT, IGNORED FOR OVERLAY PROCESS
    SEGMENT: ?PR?_DELAYUS?DELAY
Program Size: data=9.0 xdata=1517 code=2104
creating hex file from ".\output\yixing"...
".\output\yixing" - 0 Error(s), 1 Warning(s).
compiling main.c...
main.c - 0 Error(s), 0 Warning(s).
Build target 'Target 1'
linking...
*** WARNING L16: UNCALLED SEGMENT, IGNORED FOR OVERLAY PROCESS
    SEGMENT: ?PR?_DELAYUS?DELAY
Program Size: data=9.0 xdata=1517 code=2102
creating hex file from ".\output\yixing"...
".\output\yixing" - 0 Error(s), 1 Warning(s).
Build target 'Target 1'
compiling main.c...
linking...
*** WARNING L16: UNCALLED SEGMENT, IGNORED FOR OVERLAY PROCESS
    SEGMENT: ?PR?_DELAYUS?DELAY
Program Size: data=9.0 xdata=1517 code=2102
creating hex file from ".\output\yixing"...
".\output\yixing" - 0 Error(s), 1 Warning(s).
Build target 'Target 1'
compiling main.c...
main.c(202): error C141: syntax error near 'sprintf'
main.c(202): error C161: 'reg': formal parameter ignored
main.c(202): error C141: syntax error near '<string>'
compiling uart.c...
Target not created
compiling main.c...
main.c(202): error C141: syntax error near 'sprintf'
main.c(202): error C161: 'reg': formal parameter ignored
main.c(202): error C141: syntax error near '<string>'
main.c - 3 Error(s), 0 Warning(s).
Build target 'Target 1'
compiling main.c...
main.c(202): error C141: syntax error near 'sprintf'
main.c(202): error C161: 'reg': formal parameter ignored
main.c(202): error C141: syntax error near '<string>'
Target not created
Build target 'Target 1'
compiling main.c...
main.c(202): error C141: syntax error near 'sprintf'
main.c(202): error C161: 'reg': formal parameter ignored
main.c(202): error C141: syntax error near '<string>'
Target not created
compiling main.c...
main.c(202): warning C206: 'sprintf': missing function-prototype
main.c(202): error C267: 'sprintf': requires ANSI-style prototype
main.c - 1 Error(s), 1 Warning(s).
compiling main.c...
main.c(202): warning C206: 'sprintf': missing function-prototype
main.c(202): error C267: 'sprintf': requires ANSI-style prototype
main.c - 1 Error(s), 1 Warning(s).
compiling main.c...
main.c(202): warning C206: 'sprintf': missing function-prototype
main.c(202): error C267: 'sprintf': requires ANSI-style prototype
main.c - 1 Error(s), 1 Warning(s).
compiling main.c...
main.c - 0 Error(s), 0 Warning(s).
Build target 'Target 1'
linking...
*** WARNING L16: UNCALLED SEGMENT, IGNORED FOR OVERLAY PROCESS
    SEGMENT: ?PR?_DELAYUS?DELAY
Program Size: data=15.1 xdata=1561 code=3891
creating hex file from ".\output\yixing"...
".\output\yixing" - 0 Error(s), 1 Warning(s).
compiling main.c...
main.c - 0 Error(s), 0 Warning(s).
Build target 'Target 1'
linking...
*** WARNING L16: UNCALLED SEGMENT, IGNORED FOR OVERLAY PROCESS
    SEGMENT: ?PR?_DELAYUS?DELAY
Program Size: data=15.1 xdata=1561 code=3595
creating hex file from ".\output\yixing"...
".\output\yixing" - 0 Error(s), 1 Warning(s).
Build target 'Target 1'
linking...
*** WARNING L16: UNCALLED SEGMENT, IGNORED FOR OVERLAY PROCESS
    SEGMENT: ?PR?_DELAYUS?DELAY
Program Size: data=15.1 xdata=1561 code=3595
creating hex file from ".\output\yixing"...
".\output\yixing" - 0 Error(s), 1 Warning(s).
Build target 'Target 1'
compiling main.c...
linking...
*** WARNING L16: UNCALLED SEGMENT, IGNORED FOR OVERLAY PROCESS
    SEGMENT: ?PR?_DELAYUS?DELAY
Program Size: data=15.1 xdata=1561 code=3600
creating hex file from ".\output\yixing"...
".\output\yixing" - 0 Error(s), 1 Warning(s).
Build target 'Target 1'
compiling main.c...
linking...
*** WARNING L16: UNCALLED SEGMENT, IGNORED FOR OVERLAY PROCESS
    SEGMENT: ?PR?_SENDBYTE?MAIN
*** WARNING L16: UNCALLED SEGMENT, IGNORED FOR OVERLAY PROCESS
    SEGMENT: ?PR?_DELAYUS?DELAY
Program Size: data=15.1 xdata=1592 code=3639
creating hex file from ".\output\yixing"...
".\output\yixing" - 0 Error(s), 2 Warning(s).
